<?xml version="1.0" encoding="UTF-8"?>
<!-- Generated by org.testng.reporters.JUnitReportReporter -->
<testsuite skipped="0" hostname="DESKTOP-Q4NAHNC" name="Login" tests="1" failures="0" timestamp="2021-09-13T13:59:07 IST" time="11.530" errors="0">
  <testcase name="launchBrowser" time="11.530" classname="Login"/>
  <system-out/>
</testsuite> <!-- Login -->
