<?xml version="1.0" encoding="UTF-8"?>
<!-- Generated by org.testng.reporters.JUnitReportReporter -->
<testsuite skipped="0" hostname="DESKTOP-Q4NAHNC" name="DataProviderDemo" tests="3" failures="0" timestamp="2021-08-30T10:34:35 IST" time="0.033" errors="0">
  <testcase name="login" time="0.005" classname="DataProviderDemo"/>
  <system-out/>
  <testcase name="login" time="0.013" classname="DataProviderDemo"/>
  <system-out/>
  <testcase name="login" time="0.015" classname="DataProviderDemo"/>
  <system-out/>
</testsuite> <!-- DataProviderDemo -->
